<?xml version="1.0" encoding="UTF-8" ?>
<testsuite tests="6" failures="0" name="com.designpattern.factory.ShapeFactoryTest" time="0.003" errors="0" skipped="0">
  <properties>
[...]
</properties>
  <testcase classname="com.designpattern.factory.ShapeFactoryTest" name="testCreateSquare" time="0.003"/>
  <testcase classname="com.designpattern.factory.ShapeFactoryTest" name="testInvalidType" time="0"/>
  <testcase classname="com.designpattern.factory.ShapeFactoryTest" name="testNullType" time="0"/>
  <testcase classname="com.designpattern.factory.ShapeFactoryTest" name="testCreateRectangle" time="0"/>
  <testcase classname="com.designpattern.factory.ShapeFactoryTest" name="testCaseInsensitive" time="0"/>
  <testcase classname="com.designpattern.factory.ShapeFactoryTest" name="testCreateCircle" time="0"/>
</testsuite>